Log file open, 08/06/17 00:59:54
LogInit:Display: Running engine for game: ThirdPersonProject
LogPlatformFile: Not using cached read wrapper
LogInit:Display: RandInit(-604520497) SRandInit(-604520497).
LogTaskGraph: Started task graph with 5 named threads and 8 total threads with 1 sets of task threads.
LogStats: Stats thread started at 0.095132
LogInit: Using libcurl 7.47.1
LogInit:  - built for x86_64-pc-win32
LogInit:  - supports SSL with OpenSSL/1.0.2g
LogInit:  - supports HTTP deflate (compression) using libz 1.2.8
LogInit:  - other features:
LogInit:      CURL_VERSION_SSL
LogInit:      CURL_VERSION_LIBZ
LogInit:      CURL_VERSION_IPV6
LogInit:      CURL_VERSION_ASYNCHDNS
LogInit:      CURL_VERSION_LARGEFILE
LogInit:      CURL_VERSION_IDN
LogInit:  CurlRequestOptions (configurable via config and command line):
LogInit:  - bVerifyPeer = false  - Libcurl will NOT verify peer certificate
LogInit:  - bUseHttpProxy = false  - Libcurl will NOT use HTTP proxy
LogInit:  - bDontReuseConnections = false  - Libcurl will reuse connections
LogInit:  - CertBundlePath = nullptr  - Libcurl will use whatever was configured at build time.
LogInit: Build: ++UE4+Release-4.16-CL-3561208
LogInit: Engine Version: 4.16.3-3561208+++UE4+Release-4.16
LogInit: Compatible Engine Version: 4.16.0-3452394+++UE4+Release-4.16
LogInit: Net CL: 3452394
LogDevObjectVersion: Number of dev versions registered: 16
LogDevObjectVersion:   Dev-Blueprints (B0D832E4-1F89-4F0D-ACCF-7EB736FD4AA2): 9
LogDevObjectVersion:   Dev-Build (E1C64328-A22C-4D53-A36C-8E866417BD8C): 0
LogDevObjectVersion:   Dev-Core (375EC13C-06E4-48FB-B500-84F0262A717E): 2
LogDevObjectVersion:   Dev-Editor (E4B068ED-F494-42E9-A231-DA0B2E46BB41): 17
LogDevObjectVersion:   Dev-Framework (CFFC743F-43B0-4480-9391-14DF171D2073): 23
LogDevObjectVersion:   Dev-Mobile (B02B49B5-BB20-44E9-A304-32B752E40360): 0
LogDevObjectVersion:   Dev-Networking (A4E4105C-59A1-49B5-A7C5-40C4547EDFEE): 0
LogDevObjectVersion:   Dev-Online (39C831C9-5AE6-47DC-9A44-9C173E1C8E7C): 0
LogDevObjectVersion:   Dev-Physics (78F01B33-EBEA-4F98-B9B4-84EACCB95AA2): 0
LogDevObjectVersion:   Dev-Platform (6631380F-2D4D-43E0-8009-CF276956A95A): 0
LogDevObjectVersion:   Dev-Rendering (12F88B9F-8875-4AFC-A67C-D90C383ABD29): 15
LogDevObjectVersion:   Dev-Sequencer (7B5AE74C-D270-4C10-A958-57980B212A5A): 4
LogDevObjectVersion:   Dev-VR (D7296918-1DD6-4BDD-9DE2-64A83CC13884): 0
LogDevObjectVersion:   Dev-LoadTimes (C2A15278-BFE7-4AFE-6C17-90FF531DF755): 1
LogDevObjectVersion:   Private-Geometry (6EACA3D4-40EC-4CC1-B786-8BED09428FC5): 1
LogDevObjectVersion:   Dev-AnimPhys (29E575DD-E0A3-4627-9D10-D276232CDCEA): 3
LogInit: Compiled (64-bit): Jul 28 2017 11:49:47
LogInit: Compiled with Visual C++: 19.00.24215.01
LogInit: Build Configuration: Development
LogInit: Branch Name: ++UE4+Release-4.16
LogInit: Command line:  
LogInit: Base directory: E:/Program Files (x86)/Epic Games/UE_4.16/Engine/Binaries/Win64/
LogInit: Installed Engine Build: 1
LogInit: Presizing for max 8388607 objects, including 0 objects not considered by GC, pre-allocating 0 bytes for permanent pool.
LogInit: Object subsystem initialized
[2017.08.05-22.59.54:713][  0]LogInit: Selected Device Profile: [Windows]
[2017.08.05-22.59.54:713][  0]LogInit: Applying CVar settings loaded from the selected device profile: [Windows]
[2017.08.05-22.59.54:728][  0]LogInit: Computer: KORISNIK-PC
[2017.08.05-22.59.54:728][  0]LogInit: User: Korisnik
[2017.08.05-22.59.54:728][  0]LogInit: CPU Page size=4096, Cores=4
[2017.08.05-22.59.54:728][  0]LogInit: High frequency timer resolution =3.320340 MHz
[2017.08.05-22.59.54:728][  0]LogMemory: Memory total: Physical=7.9GB (8GB approx)
[2017.08.05-22.59.54:728][  0]LogMemory: Platform Memory Stats for Windows
[2017.08.05-22.59.54:728][  0]LogMemory: Process Physical Memory: 274.26 MB used, 274.26 MB peak
[2017.08.05-22.59.54:728][  0]LogMemory: Process Virtual Memory: 261.21 MB used, 261.21 MB peak
[2017.08.05-22.59.54:728][  0]LogMemory: Physical Memory: 5759.73 MB used,  2379.40 MB free, 8139.13 MB total
[2017.08.05-22.59.54:728][  0]LogMemory: Virtual Memory: 638.69 MB used,  2379.40 MB free, 134217728.00 MB total
[2017.08.05-22.59.54:800][  0]LogInit: Using OS detected language (en-US).
[2017.08.05-22.59.54:800][  0]LogInit: Using OS detected locale (hr-HR).
[2017.08.05-22.59.54:805][  0]LogTextLocalizationManager: No specific localization for 'en-US' exists, so the 'en' localization will be used.
[2017.08.05-22.59.54:806][  0]LogTextLocalizationManager: No localization for 'hr-HR' exists, so 'en-US' will be used for the locale.
[2017.08.05-22.59.55:890][  0]LogD3D11RHI: D3D11 adapters:
[2017.08.05-22.59.55:934][  0]LogD3D11RHI:    0. 'NVIDIA GeForce GTX 1060 6GB' (Feature Level 11_0)
[2017.08.05-22.59.55:934][  0]LogD3D11RHI:       6084/0/4069 MB DedicatedVideo/DedicatedSystem/SharedSystem, Outputs:1, VendorId:0x10de
[2017.08.05-22.59.55:936][  0]LogD3D11RHI:    1. 'Microsoft Basic Render Driver' (Feature Level 11_0)
[2017.08.05-22.59.55:936][  0]LogD3D11RHI:       0/0/4069 MB DedicatedVideo/DedicatedSystem/SharedSystem, Outputs:0, VendorId:0x1414
[2017.08.05-22.59.55:936][  0]LogD3D11RHI: Chosen D3D11 Adapter: 0
[2017.08.05-22.59.55:947][  0]LogD3D11RHI: Creating new Direct3DDevice
[2017.08.05-22.59.55:947][  0]LogD3D11RHI:     GPU DeviceId: 0x1c03 (for the marketing name, search the web for "GPU Device Id")
[2017.08.05-22.59.55:947][  0]LogWindows: EnumDisplayDevices:
[2017.08.05-22.59.55:947][  0]LogWindows:    0. 'NVIDIA GeForce GTX 1060 6GB' (P:1 D:1)
[2017.08.05-22.59.55:947][  0]LogWindows:    1. 'NVIDIA GeForce GTX 1060 6GB' (P:0 D:0)
[2017.08.05-22.59.55:948][  0]LogWindows:    2. 'NVIDIA GeForce GTX 1060 6GB' (P:0 D:0)
[2017.08.05-22.59.55:948][  0]LogWindows:    3. 'NVIDIA GeForce GTX 1060 6GB' (P:0 D:0)
[2017.08.05-22.59.55:948][  0]LogWindows: DebugString: FoundDriverCount:4 
[2017.08.05-22.59.55:948][  0]LogD3D11RHI:     Adapter Name: NVIDIA GeForce GTX 1060 6GB
[2017.08.05-22.59.55:948][  0]LogD3D11RHI:   Driver Version: 382.53 (internal:22.21.13.8253, unified:382.53)
[2017.08.05-22.59.55:948][  0]LogD3D11RHI:      Driver Date: 6-7-2017
[2017.08.05-22.59.55:948][  0]LogRHI: Texture pool is 1361 MB (70% of 1945 MB)
[2017.08.05-22.59.55:973][  0]LogD3D11RHI: Async texture creation enabled
[2017.08.05-22.59.55:984][  0]LogD3D11RHI: GPU Timing Frequency: 1000.000000 (Debug: 2 1)
[2017.08.05-22.59.55:986][  0]LogShaderCompilers: Guid format shader working directory is -3 characters bigger than the processId version (../../../../../../Users/Korisnik/Projects/Demo 4.16/Intermediate/Shaders/WorkingDirectory/72920/).
[2017.08.05-22.59.55:986][  0]LogShaderCompilers: Cleaned the shader compiler working directory 'C:/Users/Korisnik/AppData/Local/Temp/UnrealShaderWorkingDir/C1E67A4B4B602E7FF29C3FB29DA2FFA2/'.
[2017.08.05-22.59.55:986][  0]LogShaderCompilers:Display: Using Local Shader Compiler.
[2017.08.05-22.59.57:111][  0]LogTemp:Display: Loaded TP AllDesktopTargetPlatform
[2017.08.05-22.59.57:165][  0]LogTemp:Display: Loaded TP MacClientTargetPlatform
[2017.08.05-22.59.57:218][  0]LogTemp:Display: Loaded TP MacNoEditorTargetPlatform
[2017.08.05-22.59.57:271][  0]LogTemp:Display: Loaded TP MacServerTargetPlatform
[2017.08.05-22.59.57:327][  0]LogTemp:Display: Loaded TP MacTargetPlatform
[2017.08.05-22.59.57:382][  0]LogTemp:Display: Loaded TP WindowsClientTargetPlatform
[2017.08.05-22.59.57:439][  0]LogTemp:Display: Loaded TP WindowsNoEditorTargetPlatform
[2017.08.05-22.59.57:495][  0]LogTemp:Display: Loaded TP WindowsServerTargetPlatform
[2017.08.05-22.59.57:542][  0]LogTemp:Display: Loaded TP WindowsTargetPlatform
[2017.08.05-22.59.57:594][  0]LogTemp:Display: Loaded TP AndroidTargetPlatform
[2017.08.05-22.59.57:655][  0]LogTemp:Display: Loaded TP Android_ASTCTargetPlatform
[2017.08.05-22.59.57:723][  0]LogTemp:Display: Loaded TP Android_ATCTargetPlatform
[2017.08.05-22.59.57:793][  0]LogTemp:Display: Loaded TP Android_DXTTargetPlatform
[2017.08.05-22.59.57:847][  0]LogTemp:Display: Loaded TP Android_ETC1TargetPlatform
[2017.08.05-22.59.57:903][  0]LogTemp:Display: Loaded TP Android_ETC2TargetPlatform
[2017.08.05-22.59.58:038][  0]LogTemp:Display: Loaded TP Android_MultiTargetPlatform
[2017.08.05-22.59.58:038][  0]LogTemp:Display: Loaded TP Android_PVRTCTargetPlatform
[2017.08.05-22.59.58:097][  0]LogTemp:Display: Loaded TP HTML5TargetPlatform
[2017.08.05-22.59.58:228][  0]LogTemp:Display: Loaded TP IOSTargetPlatform
[2017.08.05-22.59.58:268][  0]LogTemp:Display: Loaded TP TVOSTargetPlatform
[2017.08.05-22.59.58:327][  0]LogTemp:Display: Loaded TP LinuxClientTargetPlatform
[2017.08.05-22.59.58:378][  0]LogTemp:Display: Loaded TP LinuxNoEditorTargetPlatform
[2017.08.05-22.59.58:442][  0]LogTemp:Display: Loaded TP LinuxServerTargetPlatform
[2017.08.05-22.59.58:506][  0]LogTemp:Display: Loaded TP LinuxTargetPlatform
[2017.08.05-22.59.58:506][  0]LogTargetPlatformManager:Display: Building Assets For Windows
[2017.08.05-22.59.59:062][  0]LogDerivedDataCache:Display: Max Cache Size: 512 MB
[2017.08.05-22.59.59:170][  0]LogDerivedDataCache: Loaded boot cache 0.11s 90MB C:/Users/Korisnik/AppData/Local/UnrealEngine/4.16/DerivedDataCache/Boot.ddc.
[2017.08.05-22.59.59:170][  0]LogDerivedDataCache:Display: Loaded Boot cache: C:/Users/Korisnik/AppData/Local/UnrealEngine/4.16/DerivedDataCache/Boot.ddc
[2017.08.05-22.59.59:170][  0]LogDerivedDataCache: FDerivedDataBackendGraph:  Pak pak cache file ../../../../../../Users/Korisnik/Projects/Demo 4.16/DerivedDataCache/DDC.ddp not found, will not use a pak cache.
[2017.08.05-22.59.59:170][  0]LogDerivedDataCache: Unable to find inner node Pak for hierarchical cache Hierarchy.
[2017.08.05-22.59.59:170][  0]LogDerivedDataCache: FDerivedDataBackendGraph:  CompressedPak pak cache file ../../../../../../Users/Korisnik/Projects/Demo 4.16/DerivedDataCache/Compressed.ddp not found, will not use a pak cache.
[2017.08.05-22.59.59:170][  0]LogDerivedDataCache: Unable to find inner node CompressedPak for hierarchical cache Hierarchy.
[2017.08.05-22.59.59:191][  0]LogDerivedDataCache:Display: Pak cache opened for reading ../../../Engine/DerivedDataCache/Compressed.ddp.
[2017.08.05-22.59.59:203][  0]LogDerivedDataCache: Using Local data cache path C:/Users/Korisnik/AppData/Local/UnrealEngine/Common/DerivedDataCache: Writable
[2017.08.05-22.59.59:214][  0]LogMaterial: Verifying Global Shaders for PCD3D_SM5
[2017.08.05-22.59.59:215][  0]LogSlate: Using Freetype 2.6.0
[2017.08.05-22.59.59:231][  0]LogSlate: SlateFontCache - WITH_FREETYPE: 1, WITH_HARFBUZZ: 1
[2017.08.05-22.59.59:231][  0]LogSlate: SlateFontCache - WITH_FREETYPE: 1, WITH_HARFBUZZ: 1
[2017.08.05-23.00.05:215][  0]LogInit: Selected Device Profile: [Windows]
[2017.08.05-23.00.06:161][  0]LogContentStreaming: Texture pool size is 0.00 MB
[2017.08.05-23.00.06:709][  0]LogMeshUtilities: Using QuadricMeshReduction for automatic static mesh reduction
[2017.08.05-23.00.06:863][  0]LogSimplygon: Simplygon DLL not present - disabling.
[2017.08.05-23.00.06:980][  0]LogMeshUtilities: Using SimplygonSwarm for distributed automatic mesh merging
[2017.08.05-23.00.06:980][  0]LogMeshUtilities: No automatic skeletal mesh reduction module available
[2017.08.05-23.00.06:980][  0]LogMeshUtilities: No automatic mesh merging module available
[2017.08.05-23.00.08:359][  0]LogConfig:Warning: Failed to saved backup for config[TemplateDefs]
[2017.08.05-23.00.11:120][  0]LogNetVersion: ThirdPersonProject , NetCL: 3452394, EngineNetVer: 2, GameNetVer: 0 (Checksum: 2389958274)
[2017.08.05-23.00.11:534][  0]LogAssetRegistry: FAssetRegistry took 0.0477 seconds to start up
[2017.08.05-23.00.11:647][  0]LogAssetRegistry:Error: Failed to open file for write ../../../../../../Users/Korisnik/Projects/Demo 4.16/Intermediate/AssetRegistryCache/5a627529.bin
[2017.08.05-23.00.11:668][  0]LogAssetRegistry:Error: Failed to open file for write ../../../../../../Users/Korisnik/Projects/Demo 4.16/Intermediate/AssetRegistryCache/1d5167fa.bin
[2017.08.05-23.00.11:682][  0]LogFileManager:Warning: MoveFile was unable to move '../../../../../../Users/Korisnik/Projects/Demo 4.16/Intermediate/AssetRegistryCache/94c5d5a7.bin.tmp' to '../../../../../../Users/Korisnik/Projects/Demo 4.16/Intermediate/AssetRegistryCache/94c5d5a7.bin', retrying in .5s...
[2017.08.05-23.00.12:182][  0]LogFileManager:Warning: MoveFile was unable to move '../../../../../../Users/Korisnik/Projects/Demo 4.16/Intermediate/AssetRegistryCache/94c5d5a7.bin.tmp' to '../../../../../../Users/Korisnik/Projects/Demo 4.16/Intermediate/AssetRegistryCache/94c5d5a7.bin', retrying in .5s...
[2017.08.05-23.00.12:682][  0]LogFileManager:Warning: MoveFile was unable to move '../../../../../../Users/Korisnik/Projects/Demo 4.16/Intermediate/AssetRegistryCache/94c5d5a7.bin.tmp' to '../../../../../../Users/Korisnik/Projects/Demo 4.16/Intermediate/AssetRegistryCache/94c5d5a7.bin', retrying in .5s...
[2017.08.05-23.00.13:183][  0]LogFileManager:Warning: MoveFile was unable to move '../../../../../../Users/Korisnik/Projects/Demo 4.16/Intermediate/AssetRegistryCache/94c5d5a7.bin.tmp' to '../../../../../../Users/Korisnik/Projects/Demo 4.16/Intermediate/AssetRegistryCache/94c5d5a7.bin', retrying in .5s...
[2017.08.05-23.00.13:683][  0]LogFileManager:Warning: MoveFile was unable to move '../../../../../../Users/Korisnik/Projects/Demo 4.16/Intermediate/AssetRegistryCache/94c5d5a7.bin.tmp' to '../../../../../../Users/Korisnik/Projects/Demo 4.16/Intermediate/AssetRegistryCache/94c5d5a7.bin', retrying in .5s...
[2017.08.05-23.00.14:184][  0]LogFileManager:Warning: MoveFile was unable to move '../../../../../../Users/Korisnik/Projects/Demo 4.16/Intermediate/AssetRegistryCache/94c5d5a7.bin.tmp' to '../../../../../../Users/Korisnik/Projects/Demo 4.16/Intermediate/AssetRegistryCache/94c5d5a7.bin', retrying in .5s...
[2017.08.05-23.00.14:685][  0]LogFileManager:Warning: MoveFile was unable to move '../../../../../../Users/Korisnik/Projects/Demo 4.16/Intermediate/AssetRegistryCache/94c5d5a7.bin.tmp' to '../../../../../../Users/Korisnik/Projects/Demo 4.16/Intermediate/AssetRegistryCache/94c5d5a7.bin', retrying in .5s...
[2017.08.05-23.00.15:185][  0]LogFileManager:Warning: MoveFile was unable to move '../../../../../../Users/Korisnik/Projects/Demo 4.16/Intermediate/AssetRegistryCache/94c5d5a7.bin.tmp' to '../../../../../../Users/Korisnik/Projects/Demo 4.16/Intermediate/AssetRegistryCache/94c5d5a7.bin', retrying in .5s...
[2017.08.05-23.00.15:686][  0]LogFileManager:Warning: MoveFile was unable to move '../../../../../../Users/Korisnik/Projects/Demo 4.16/Intermediate/AssetRegistryCache/94c5d5a7.bin.tmp' to '../../../../../../Users/Korisnik/Projects/Demo 4.16/Intermediate/AssetRegistryCache/94c5d5a7.bin', retrying in .5s...
[2017.08.05-23.00.16:187][  0]LogAssetRegistry:Error: Failed to open file for write ../../../../../../Users/Korisnik/Projects/Demo 4.16/Intermediate/CachedAssetRegistry.bin
[2017.08.05-23.00.16:187][  0]LogFileManager:Warning: MoveFile was unable to move '../../../../../../Users/Korisnik/Projects/Demo 4.16/Intermediate/AssetRegistryCache/94c5d5a7.bin.tmp' to '../../../../../../Users/Korisnik/Projects/Demo 4.16/Intermediate/AssetRegistryCache/94c5d5a7.bin', retrying in .5s...
[2017.08.05-23.00.16:687][  0]LogFileManager:Error: Error moving file '../../../../../../Users/Korisnik/Projects/Demo 4.16/Intermediate/AssetRegistryCache/94c5d5a7.bin.tmp' to '../../../../../../Users/Korisnik/Projects/Demo 4.16/Intermediate/AssetRegistryCache/94c5d5a7.bin'.
[2017.08.05-23.00.16:710][  0]LogPackageLocalizationCache: Processed 4 localized package path(s) for 2 prioritized culture(s) in 5.110238 seconds
[2017.08.05-23.00.16:717][  0]LogUObjectArray: 34194 objects as part of root set at end of initial load.
[2017.08.05-23.00.16:717][  0]LogUObjectAllocator: 7260416 out of 0 bytes used by permanent object pool.
[2017.08.05-23.00.16:717][  0]LogUObjectArray: CloseDisregardForGC: 0/0 objects in disregard for GC pool
[2017.08.05-23.00.16:803][  0]LogInit: WinSock: version 1.1 (2.2), MaxSocks=32767, MaxUdp=65467
[2017.08.05-23.00.34:269][  0]LogTcpMessaging: Initializing TcpMessaging bridge
[2017.08.05-23.00.34:374][  0]LogUdpMessaging: Initializing bridge on interface 0.0.0.0:0 to multicast group 230.0.0.1:6666.
[2017.08.05-23.00.36:720][  0]LogMaterial: Uniform references updated for custom material expression Custom.
[2017.08.05-23.00.38:113][  0]SourceControl: Info Source control is disabled
[2017.08.05-23.00.38:115][  0]SourceControl: Info Source control is disabled
[2017.08.05-23.00.38:306][  0]SourceControl: Info Source control is disabled
[2017.08.05-23.00.38:448][  0]SourceControl: Info Source control is disabled
[2017.08.05-23.00.40:923][  0]LogAndroidPermission: UAndroidPermissionCallbackProxy::GetInstance
[2017.08.05-23.00.43:080][  0]LogEngine: Initializing Engine...
[2017.08.05-23.00.43:137][  0]LogHMD: Failed to initialize OpenVR with code 110
[2017.08.05-23.00.47:015][  0]LogStats: UGameplayTagsManager::ConstructGameplayTagTree: Construct from data asset -  0.000 s
[2017.08.05-23.00.47:041][  0]LogStats: UGameplayTagsManager::ConstructGameplayTagTree: GameplayTagTreeChangedEvent.Broadcast -  0.000 s
[2017.08.05-23.00.49:799][  0]LogAIModule: Creating AISystem for world Untitled
[2017.08.05-23.00.50:335][  0]LogInit: XAudio2 using 'Speakers (Realtek High Definition Audio)' : 2 channels at 48 kHz using 32 bits per sample (channel mask 0x3)
[2017.08.05-23.00.50:353][  0]LogInit: FAudioDevice initialized.
[2017.08.05-23.00.50:408][  0]LogDerivedDataCache: Saved boot cache 0.05s 90MB C:/Users/Korisnik/AppData/Local/UnrealEngine/4.16/DerivedDataCache/Boot.ddc.
[2017.08.05-23.00.50:419][  0]LogInit: Texture streaming: Enabled
[2017.08.05-23.00.52:722][  0]LogEngineSessionManager: EngineSessionManager initialized
[2017.08.05-23.01.00:563][  0]LogInit: Transaction tracking system initialized
[2017.08.05-23.01.02:391][  0]BlueprintLog: New page: Editor Load
[2017.08.05-23.01.06:985][  0]LocalizationService: Info Localization service is disabled
[2017.08.05-23.01.09:425][  0]LogConsoleResponse:Display: 
[2017.08.05-23.01.13:768][  0]LogCook:Display: Max memory allowance for cook 16384mb min free memory 0mb
[2017.08.05-23.01.13:769][  0]LogCook:Display: Mobile HDR setting 1
[2017.08.05-23.01.15:203][  0]LogFileCache: Scanning file cache for directory 'E:/Users/Korisnik/Projects/Demo 4.16/Content/' took 1.05s
[2017.08.05-23.01.24:414][  0]SourceControl: Info Source control is disabled
[2017.08.05-23.01.24:494][  0]Cmd: MAP LOAD FILE="../../../../../../Users/Korisnik/Projects/Demo 4.16/Content/StarterContent/Maps/Minimal_Default.umap" TEMPLATE=0 SHOWPROGRESS=1 FEATURELEVEL=3
[2017.08.05-23.01.24:586][  0]LightingResults: New page: Lighting Build
[2017.08.05-23.01.25:003][  0]MapCheck: New page: Map Check
[2017.08.05-23.01.25:003][  0]LightingResults: New page: Lighting Build
[2017.08.05-23.01.30:227][  0]LogTexture:Display: Building textures: HQ_Lightmap1_1 (AutoDXT, 256X256)
[2017.08.05-23.01.30:370][  0]LogTexture:Display: Building textures: LQ_Lightmap_1_1 (DXT1, 256X256)
[2017.08.05-23.01.30:405][  0]LogTexture:Display: Building textures: SkyOcclusion1_1 (AutoDXT, 256X128)
[2017.08.05-23.01.30:767][  0]LogAIModule: Creating AISystem for world Minimal_Default
[2017.08.05-23.01.34:008][  0]LogEditorServer: Finished looking for orphan Actors (0.000 secs)
[2017.08.05-23.01.34:114][  0]Cmd: MAP CHECKDEP NOCLEARLOG
[2017.08.05-23.01.34:229][  0]MapCheck: Info Map check complete: 0 Error(s), 0 Warning(s), took 88.273ms to complete.
[2017.08.05-23.01.34:229][  0]LogFileHelpers: Loading map 'Minimal_Default' took 9.780
[2017.08.05-23.01.36:810][  0]LogCollectionManager: Loaded 0 collections in 0.002059 seconds
[2017.08.05-23.01.36:996][  0]LogFileCache: Scanning file cache for directory 'E:/Users/Korisnik/Projects/Demo 4.16/Saved/Collections/' took 0.03s
[2017.08.05-23.01.36:996][  0]LogFileCache: Scanning file cache for directory 'E:/Users/Korisnik/Projects/Demo 4.16/Content/Developers/Korisnik/Collections/' took 0.01s
[2017.08.05-23.01.36:996][  0]LogFileCache: Scanning file cache for directory 'E:/Users/Korisnik/Projects/Demo 4.16/Content/Collections/' took 0.01s
[2017.08.05-23.01.36:996][  0]LogCollectionManager: Rebuilt the GUID cache for 0 collections in 0.000006 seconds
[2017.08.05-23.01.37:028][  0]LogContentBrowser: Native class hierarchy populated in 0.0117 seconds. Added 2329 classes and 491 folders.
[2017.08.05-23.01.37:253][  0]LogContentBrowser: Native class hierarchy updated for 'WidgetCarousel' in 0.0009 seconds. Added 0 classes and 0 folders.
[2017.08.05-23.01.38:571][  0]LogContentBrowser: Native class hierarchy updated for 'AddContentDialog' in 0.0009 seconds. Added 0 classes and 0 folders.
[2017.08.05-23.01.38:685][  0]LogContentBrowser: Native class hierarchy updated for 'SceneOutliner' in 0.0010 seconds. Added 1 classes and 2 folders.
[2017.08.05-23.01.39:403][  0]LogCrashTracker: Crashtracker disabled due to settings.
[2017.08.05-23.01.39:679][  0]LogSlate: Took 0.027570 seconds to synchronously load lazily loaded font '../../../Engine/Content/Slate/Fonts/Roboto-Regular.ttf' (155K)
[2017.08.05-23.01.39:709][  0]LogSlate: Took 0.027491 seconds to synchronously load lazily loaded font '../../../Engine/Content/Slate/Fonts/Roboto-Bold.ttf' (160K)
[2017.08.05-23.01.39:808][  0]LogSlate: Took 0.044797 seconds to synchronously load lazily loaded font '../../../Engine/Content/Editor/Slate/Fonts/FontAwesome.ttf' (139K)
[2017.08.05-23.01.40:508][  0]LogRenderer: Reallocating scene render targets to support 1208x580 NumSamples 1 (Frame:1).
[2017.08.05-23.01.41:890][  0]LogUObjectGlobals:Warning: Failed to find object 'Class None.'
[2017.08.05-23.01.42:106][  0]LogContentBrowser: Native class hierarchy updated for 'HierarchicalLODOutliner' in 0.0013 seconds. Added 1 classes and 2 folders.
[2017.08.05-23.01.42:106][  0]LogLoad: (Engine Initialization) Total time: 109.48 seconds
[2017.08.05-23.01.42:106][  0]LogLoad: (Engine Initialization) Total Blueprint compile time: 0.63 seconds
[2017.08.05-23.01.42:106][  0]LogExternalProfiler: Found external profiler: VSPerf
[2017.08.05-23.01.42:106][  0]LogExternalProfiler: Using external profiler: VSPerf
[2017.08.05-23.01.42:529][  0]LogOcInput: OculusInput pre-init called
[2017.08.05-23.01.42:538][  0]LogHMD: Starting GearVRController plugin
[2017.08.05-23.01.43:042][  0]LogContentStreaming: Texture pool size now 1000 MB
[2017.08.05-23.01.43:490][  0]LogSlate: Took 0.070898 seconds to synchronously load lazily loaded font '../../../Engine/Content/Slate/Fonts/Roboto-Light.ttf' (159K)
[2017.08.05-23.01.44:259][  2]LogSlate: Took 0.000594 seconds to synchronously load lazily loaded font '../../../Engine/Content/Slate/Fonts/Roboto-Light.ttf' (159K)
[2017.08.05-23.01.44:857][  4]LogAssetRegistry: Asset discovery search completed in 93.3450 seconds
[2017.08.05-23.01.44:892][  4]LogCollectionManager: Rebuilt the object cache for 0 collections in 0.000001 seconds (found 0 objects)
[2017.08.05-23.01.44:892][  4]LogCollectionManager: Fixed up redirectors for 0 collections in 0.012164 seconds (updated 0 objects)
[2017.08.05-23.01.52:621][ 27]LogWindowsTextInputMethodSystem:Display: IME system now deactivated.
[2017.08.05-23.01.52:812][ 28]Cmd: QUIT_EDITOR
[2017.08.05-23.01.52:838][ 28]LogExit: Preparing to exit.
[2017.08.05-23.01.53:573][ 28]LogDirectoryWatcher: A directory notification for 'E:/Users/Korisnik/Projects/Demo 4.16/Content/' was aborted.
[2017.08.05-23.01.53:729][ 28]LogExit: Editor shut down
[2017.08.05-23.01.53:733][ 28]LogExit: Transaction tracking system shut down
[2017.08.05-23.01.55:896][ 28]LogObj: Freed 0b from 0 cluster array pools.
[2017.08.05-23.01.55:897][ 28]LogExit: Object subsystem successfully closed.
[2017.08.05-23.01.56:249][ 28]LogD3D11RHI: Shutdown
[2017.08.05-23.01.56:249][ 28]LogD3D11RHI: CleanupD3DDevice
[2017.08.05-23.01.56:566][ 28]LogD3D11RHI: ~FD3D11DynamicRHI
[2017.08.05-23.01.58:566][ 28]LogModuleManager: Shutting down and abandoning module HierarchicalLODOutliner (524)
[2017.08.05-23.01.58:566][ 28]LogModuleManager: Shutting down and abandoning module CrashTracker (522)
[2017.08.05-23.01.58:566][ 28]LogModuleManager: Shutting down and abandoning module SceneOutliner (520)
[2017.08.05-23.01.58:586][ 28]LogModuleManager: Shutting down and abandoning module AddContentDialog (518)
[2017.08.05-23.01.58:628][ 28]LogDirectoryWatcher: A directory notification for 'E:/Program Files (x86)/Epic Games/UE_4.16/FeaturePacks/' was aborted.
[2017.08.05-23.01.58:637][ 28]LogModuleManager: Shutting down and abandoning module WidgetCarousel (517)
[2017.08.05-23.01.58:637][ 28]LogModuleManager: Shutting down and abandoning module EditorWidgets (514)
[2017.08.05-23.01.58:637][ 28]LogModuleManager: Shutting down and abandoning module CollectionManager (512)
[2017.08.05-23.01.58:638][ 28]LogDirectoryWatcher: A directory notification for 'E:/Users/Korisnik/Projects/Demo 4.16/Content/Collections/' was aborted.
[2017.08.05-23.01.58:638][ 28]LogDirectoryWatcher: A directory notification for 'E:/Users/Korisnik/Projects/Demo 4.16/Content/Developers/Korisnik/Collections/' was aborted.
[2017.08.05-23.01.58:638][ 28]LogDirectoryWatcher: A directory notification for 'E:/Users/Korisnik/Projects/Demo 4.16/Saved/Collections/' was aborted.
[2017.08.05-23.01.58:638][ 28]LogModuleManager: Shutting down and abandoning module StatsViewer (510)
[2017.08.05-23.01.58:643][ 28]LogModuleManager: Shutting down and abandoning module FoliageEdit (508)
[2017.08.05-23.01.58:643][ 28]LogModuleManager: Shutting down and abandoning module LandscapeEditor (506)
[2017.08.05-23.01.58:702][ 28]LogModuleManager: Shutting down and abandoning module MeshPaintMode (504)
[2017.08.05-23.01.58:702][ 28]LogModuleManager: Shutting down and abandoning module SceneDepthPickerMode (502)
[2017.08.05-23.01.58:702][ 28]LogModuleManager: Shutting down and abandoning module ActorPickerMode (500)
[2017.08.05-23.01.58:702][ 28]LogModuleManager: Shutting down and abandoning module GeometryMode (498)
[2017.08.05-23.01.58:702][ 28]LogModuleManager: Shutting down and abandoning module TextureAlignMode (496)
[2017.08.05-23.01.58:702][ 28]LogModuleManager: Shutting down and abandoning module BspMode (494)
[2017.08.05-23.01.58:717][ 28]LogModuleManager: Shutting down and abandoning module HardwareSurvey (492)
[2017.08.05-23.01.58:717][ 28]LogModuleManager: Shutting down and abandoning module SequenceRecorderSections (490)
[2017.08.05-23.01.58:717][ 28]LogModuleManager: Shutting down and abandoning module AutomationWorker (488)
[2017.08.05-23.01.58:728][ 28]LogModuleManager: Shutting down and abandoning module MatineeToLevelSequence (486)
[2017.08.05-23.01.58:741][ 28]LogModuleManager: Shutting down and abandoning module LevelSequenceEditor (484)
[2017.08.05-23.01.58:815][ 28]LogModuleManager: Shutting down and abandoning module PlacementMode (483)
[2017.08.05-23.01.58:815][ 28]LogModuleManager: Shutting down and abandoning module WmfMediaFactory (480)
[2017.08.05-23.01.58:815][ 28]LogModuleManager: Shutting down and abandoning module WmfMediaEditor (478)
[2017.08.05-23.01.58:815][ 28]LogModuleManager: Shutting down and abandoning module AvfMediaFactory (476)
[2017.08.05-23.01.58:815][ 28]LogModuleManager: Shutting down and abandoning module AvfMediaEditor (474)
[2017.08.05-23.01.58:815][ 28]LogModuleManager: Shutting down and abandoning module AndroidMediaFactory (472)
[2017.08.05-23.01.58:815][ 28]LogModuleManager: Shutting down and abandoning module Media (471)
[2017.08.05-23.01.58:815][ 28]LogModuleManager: Shutting down and abandoning module AndroidMediaEditor (468)
[2017.08.05-23.01.58:815][ 28]LogModuleManager: Shutting down and abandoning module CharacterAI (466)
[2017.08.05-23.01.58:815][ 28]LogModuleManager: Shutting down and abandoning module AudioCapture (464)
[2017.08.05-23.01.58:816][ 28]LogModuleManager: Shutting down and abandoning module SequenceRecorder (463)
[2017.08.05-23.01.58:844][ 28]LogModuleManager: Shutting down and abandoning module SmartSnapping (460)
[2017.08.05-23.01.58:844][ 28]LogModuleManager: Shutting down and abandoning module SessionServices (458)
[2017.08.05-23.01.58:844][ 28]LogModuleManager: Shutting down and abandoning module ViewportSnapping (456)
[2017.08.05-23.01.58:844][ 28]LogModuleManager: Shutting down and abandoning module ViewportInteraction (454)
[2017.08.05-23.01.58:844][ 28]LogModuleManager: Shutting down and abandoning module ClothPainter (452)
[2017.08.05-23.01.58:902][ 28]LogModuleManager: Shutting down and abandoning module LogVisualizer (450)
[2017.08.05-23.01.58:937][ 28]LogModuleManager: Shutting down and abandoning module IntroTutorials (448)
[2017.08.05-23.01.58:961][ 28]LogModuleManager: Shutting down and abandoning module GameProjectGeneration (447)
[2017.08.05-23.01.59:034][ 28]LogModuleManager: Shutting down and abandoning module EditorLiveStreaming (444)
[2017.08.05-23.01.59:034][ 28]LogModuleManager: Shutting down and abandoning module IOSPlatformEditor (442)
[2017.08.05-23.01.59:058][ 28]LogModuleManager: Shutting down and abandoning module HTML5PlatformEditor (440)
[2017.08.05-23.01.59:058][ 28]LogModuleManager: Shutting down and abandoning module AndroidPlatformEditor (438)
[2017.08.05-23.01.59:058][ 28]LogModuleManager: Shutting down and abandoning module AndroidDeviceDetection (437)
[2017.08.05-23.01.59:269][ 28]LogModuleManager: Shutting down and abandoning module IOSRuntimeSettings (434)
[2017.08.05-23.01.59:269][ 28]LogModuleManager: Shutting down and abandoning module AndroidRuntimeSettings (432)
[2017.08.05-23.01.59:269][ 28]LogModuleManager: Shutting down and abandoning module InputBindingEditor (430)
[2017.08.05-23.01.59:276][ 28]LogModuleManager: Shutting down and abandoning module MergeActors (428)
[2017.08.05-23.01.59:289][ 28]LogModuleManager: Shutting down and abandoning module SizeMap (426)
[2017.08.05-23.01.59:289][ 28]LogModuleManager: Shutting down and abandoning module TreeMap (424)
[2017.08.05-23.01.59:297][ 28]LogModuleManager: Shutting down and abandoning module ReferenceViewer (422)
[2017.08.05-23.01.59:326][ 28]LogModuleManager: Shutting down and abandoning module LocalizationDashboard (420)
[2017.08.05-23.01.59:393][ 28]LogModuleManager: Shutting down and abandoning module LocalizationService (419)
[2017.08.05-23.01.59:425][ 28]LogModuleManager: Shutting down and abandoning module HardwareTargeting (416)
[2017.08.05-23.01.59:425][ 28]LogModuleManager: Shutting down and abandoning module DeviceProfileEditor (414)
[2017.08.05-23.01.59:446][ 28]LogModuleManager: Shutting down and abandoning module UndoHistory (412)
[2017.08.05-23.01.59:463][ 28]LogModuleManager: Shutting down and abandoning module UserFeedback (410)
[2017.08.05-23.01.59:463][ 28]LogModuleManager: Shutting down and abandoning module XmlParser (408)
[2017.08.05-23.01.59:506][ 28]LogModuleManager: Shutting down and abandoning module Blutility (406)
[2017.08.05-23.01.59:522][ 28]LogModuleManager: Shutting down and abandoning module ProjectSettingsViewer (404)
[2017.08.05-23.01.59:522][ 28]LogModuleManager: Shutting down and abandoning module ProjectTargetPlatformEditor (403)
[2017.08.05-23.01.59:522][ 28]LogModuleManager: Shutting down and abandoning module EditorSettingsViewer (400)
[2017.08.05-23.01.59:522][ 28]LogModuleManager: Shutting down and abandoning module SettingsEditor (398)
[2017.08.05-23.01.59:596][ 28]LogModuleManager: Shutting down and abandoning module ProjectLauncher (396)
[2017.08.05-23.01.59:638][ 28]LogModuleManager: Shutting down and abandoning module SessionFrontend (394)
[2017.08.05-23.01.59:664][ 28]LogModuleManager: Shutting down and abandoning module ProfilerClient (392)
[2017.08.05-23.01.59:678][ 28]LogModuleManager: Shutting down and abandoning module DeviceManager (390)
[2017.08.05-23.01.59:691][ 28]LogModuleManager: Shutting down and abandoning module TargetDeviceServices (389)
[2017.08.05-23.01.59:753][ 28]LogModuleManager: Shutting down and abandoning module AutomationController (386)
[2017.08.05-23.01.59:777][ 28]LogModuleManager: Shutting down and abandoning module AutomationWindow (384)
[2017.08.05-23.01.59:855][ 28]LogModuleManager: Shutting down and abandoning module Layers (382)
[2017.08.05-23.01.59:961][ 28]LogModuleManager: Shutting down and abandoning module ComponentVisualizers (380)
[2017.08.05-23.01.59:961][ 28]LogModuleManager: Shutting down and abandoning module DetailCustomizations (378)
[2017.08.05-23.01.59:991][ 28]LogModuleManager: Shutting down and abandoning module PackagesDialog (376)
[2017.08.05-23.02.00:009][ 28]LogModuleManager: Shutting down and abandoning module Persona (374)
[2017.08.05-23.02.00:074][ 28]LogModuleManager: Shutting down and abandoning module AdvancedPreviewScene (373)
[2017.08.05-23.02.00:074][ 28]LogModuleManager: Shutting down and abandoning module AnimGraph (371)
[2017.08.05-23.02.00:074][ 28]LogModuleManager: Shutting down and abandoning module Kismet (368)
[2017.08.05-23.02.00:090][ 28]LogModuleManager: Shutting down and abandoning module ClassViewer (366)
[2017.08.05-23.02.00:090][ 28]LogModuleManager: Shutting down and abandoning module Toolbox (364)
[2017.08.05-23.02.00:112][ 28]LogModuleManager: Shutting down and abandoning module ModuleUI (362)
[2017.08.05-23.02.00:127][ 28]LogModuleManager: Shutting down and abandoning module MovieSceneTools (360)
[2017.08.05-23.02.00:186][ 28]LogModuleManager: Shutting down and abandoning module OutputLog (358)
[2017.08.05-23.02.00:198][ 28]LogModuleManager: Shutting down and abandoning module GammaUI (356)
[2017.08.05-23.02.00:207][ 28]LogModuleManager: Shutting down and abandoning module Documentation (354)
[2017.08.05-23.02.00:207][ 28]LogModuleManager: Shutting down and abandoning module MovieSceneTracks (352)
[2017.08.05-23.02.00:207][ 28]LogModuleManager: Shutting down and abandoning module MovieScene (350)
[2017.08.05-23.02.00:207][ 28]LogModuleManager: Shutting down and abandoning module Niagara (348)
[2017.08.05-23.02.00:207][ 28]LogModuleManager: Shutting down and abandoning module NiagaraEditor (347)
[2017.08.05-23.02.00:347][ 28]LogModuleManager: Shutting down and abandoning module StreamingPauseRendering (344)
[2017.08.05-23.02.00:347][ 28]LogModuleManager: Shutting down and abandoning module AnalyticsET (342)
[2017.08.05-23.02.00:347][ 28]LogModuleManager: Shutting down and abandoning module PortalServices (340)
[2017.08.05-23.02.00:347][ 28]LogModuleManager: Shutting down and abandoning module PortalRpc (338)
[2017.08.05-23.02.00:347][ 28]LogModuleManager: Shutting down and abandoning module MessagingRpc (336)
[2017.08.05-23.02.00:347][ 28]LogModuleManager: Shutting down and abandoning module AIModule (334)
[2017.08.05-23.02.00:347][ 28]LogModuleManager: Shutting down and abandoning module GameplayDebugger (333)
[2017.08.05-23.02.00:347][ 28]LogModuleManager: Shutting down and abandoning module AITestSuite (331)
[2017.08.05-23.02.00:362][ 28]LogModuleManager: Shutting down and abandoning module ProfilerService (328)
[2017.08.05-23.02.00:490][ 28]LogModuleManager: Shutting down and abandoning module TaskGraph (326)
[2017.08.05-23.02.00:558][ 28]LogModuleManager: Shutting down and abandoning module SteamVRController (324)
[2017.08.05-23.02.00:558][ 28]LogModuleManager: Shutting down and abandoning module SteamVR (322)
[2017.08.05-23.02.00:558][ 28]LogModuleManager: Shutting down and abandoning module ProceduralMeshComponentEditor (320)
[2017.08.05-23.02.00:558][ 28]LogModuleManager: Shutting down and abandoning module ProceduralMeshComponent (318)
[2017.08.05-23.02.00:584][ 28]LogModuleManager: Shutting down and abandoning module OculusLibrary (316)
[2017.08.05-23.02.00:584][ 28]LogModuleManager: Shutting down and abandoning module OculusInput (314)
[2017.08.05-23.02.00:584][ 28]LogModuleManager: Shutting down and abandoning module MobilePatchingUtils (312)
[2017.08.05-23.02.00:584][ 28]LogModuleManager: Shutting down and abandoning module CustomMeshComponent (310)
[2017.08.05-23.02.00:584][ 28]LogModuleManager: Shutting down and abandoning module CableComponent (308)
[2017.08.05-23.02.00:584][ 28]LogModuleManager: Shutting down and abandoning module ArchVisCharacter (306)
[2017.08.05-23.02.00:584][ 28]LogModuleManager: Shutting down and abandoning module AndroidPermission (304)
[2017.08.05-23.02.00:584][ 28]LogModuleManager: Shutting down and abandoning module MediaPlayerEditor (300)
[2017.08.05-23.02.00:628][ 28]LogModuleManager: Shutting down and abandoning module HTML5Networking (298)
[2017.08.05-23.02.00:628][ 28]LogModuleManager: Shutting down and abandoning module AlembicImporter (296)
[2017.08.05-23.02.00:636][ 28]LogModuleManager: Shutting down and abandoning module AlembicLibrary (295)
[2017.08.05-23.02.00:636][ 28]LogModuleManager: Shutting down and abandoning module GeometryCache (294)
[2017.08.05-23.02.00:636][ 28]LogModuleManager: Shutting down and abandoning module GeometryCacheEd (293)
[2017.08.05-23.02.00:636][ 28]LogModuleManager: Shutting down and abandoning module SuperSearchEditor (288)
[2017.08.05-23.02.00:636][ 28]LogModuleManager: Shutting down and abandoning module SuperSearch (287)
[2017.08.05-23.02.00:636][ 28]LogModuleManager: Shutting down and abandoning module SpeedTreeImporter (284)
[2017.08.05-23.02.00:636][ 28]LogModuleManager: Shutting down and abandoning module PluginBrowser (282)
[2017.08.05-23.02.00:667][ 28]LogModuleManager: Shutting down and abandoning module MobileLauncherProfileWizard (280)
[2017.08.05-23.02.00:681][ 28]LogModuleManager: Shutting down and abandoning module VisualStudioSourceCodeAccess (278)
[2017.08.05-23.02.00:681][ 28]LogModuleManager: Shutting down and abandoning module DesktopPlatform (277)
[2017.08.05-23.02.00:681][ 28]LogModuleManager: Shutting down and abandoning module UObjectPlugin (274)
[2017.08.05-23.02.00:681][ 28]LogModuleManager: Shutting down and abandoning module SubversionSourceControl (272)
[2017.08.05-23.02.00:685][ 28]LogModuleManager: Shutting down and abandoning module PerforceSourceControl (270)
[2017.08.05-23.02.00:698][ 28]LogModuleManager: Shutting down and abandoning module GitSourceControl (268)
[2017.08.05-23.02.00:706][ 28]LogModuleManager: Shutting down and abandoning module SourceControl (267)
[2017.08.05-23.02.00:706][ 28]LogModuleManager: Shutting down and abandoning module LightPropagationVolumeEditor (264)
[2017.08.05-23.02.00:706][ 28]LogModuleManager: Shutting down and abandoning module PaperTiledImporter (262)
[2017.08.05-23.02.00:706][ 28]LogModuleManager: Shutting down and abandoning module PaperSpriteSheetImporter (260)
[2017.08.05-23.02.00:706][ 28]LogModuleManager: Shutting down and abandoning module Paper2DEditor (258)
[2017.08.05-23.02.00:714][ 28]LogModuleManager: Shutting down and abandoning module MeshPaint (257)
[2017.08.05-23.02.00:727][ 28]LogModuleManager: Shutting down and abandoning module LevelEditor (255)
[2017.08.05-23.02.00:745][ 28]LogModuleManager: Shutting down and abandoning module PixelInspectorModule (254)
[2017.08.05-23.02.00:774][ 28]LogModuleManager: Shutting down and abandoning module MainFrame (252)
[2017.08.05-23.02.00:790][ 28]LogModuleManager: Shutting down and abandoning module HotReload (251)
[2017.08.05-23.02.00:805][ 28]LogModuleManager: Shutting down and abandoning module PhysXVehiclesEditor (246)
[2017.08.05-23.02.00:813][ 28]LogModuleManager: Shutting down and abandoning module PhysXVehicles (244)
[2017.08.05-23.02.00:813][ 28]LogModuleManager: Shutting down and abandoning module LocationServicesBPLibrary (242)
[2017.08.05-23.02.00:813][ 28]LogModuleManager: Shutting down and abandoning module ImmediatePhysicsEditor (240)
[2017.08.05-23.02.00:813][ 28]LogModuleManager: Shutting down and abandoning module ImmediatePhysics (238)
[2017.08.05-23.02.00:839][ 28]LogModuleManager: Shutting down and abandoning module UdpMessaging (236)
[2017.08.05-23.02.00:939][ 28]LogModuleManager: Shutting down and abandoning module TcpMessaging (234)
[2017.08.05-23.02.01:050][ 28]LogModuleManager: Shutting down and abandoning module GameplayTagsEditor (232)
[2017.08.05-23.02.01:073][ 28]LogModuleManager: Shutting down and abandoning module FacialAnimationEditor (230)
[2017.08.05-23.02.01:073][ 28]LogModuleManager: Shutting down and abandoning module FacialAnimation (228)
[2017.08.05-23.02.01:073][ 28]LogModuleManager: Shutting down and abandoning module AssetManagerEditor (226)
[2017.08.05-23.02.01:087][ 28]LogModuleManager: Shutting down and abandoning module GraphEditor (225)
[2017.08.05-23.02.01:154][ 28]LogModuleManager: Shutting down and abandoning module ContentBrowser (223)
[2017.08.05-23.02.01:156][ 28]LogModuleManager: Shutting down and abandoning module LightPropagationVolumeRuntime (220)
[2017.08.05-23.02.01:156][ 28]LogModuleManager: Shutting down and abandoning module Paper2D (218)
[2017.08.05-23.02.01:163][ 28]LogModuleManager: Shutting down and abandoning module WindowsMoviePlayer (216)
[2017.08.05-23.02.01:163][ 28]LogModuleManager: Shutting down and abandoning module WmfMedia (214)
[2017.08.05-23.02.01:163][ 28]LogModuleManager: Shutting down and abandoning module ClothingSystemEditor (212)
[2017.08.05-23.02.01:163][ 28]LogModuleManager: Shutting down and abandoning module ClothingSystemRuntime (210)
[2017.08.05-23.02.01:185][ 28]LogModuleManager: Shutting down and abandoning module MediaAssets (208)
[2017.08.05-23.02.01:185][ 28]LogModuleManager: Shutting down and abandoning module GameLiveStreaming (206)
[2017.08.05-23.02.01:185][ 28]LogModuleManager: Shutting down and abandoning module VREditor (204)
[2017.08.05-23.02.01:196][ 28]LogModuleManager: Shutting down and abandoning module StringTableEditor (202)
[2017.08.05-23.02.01:214][ 28]LogModuleManager: Shutting down and abandoning module GameplayTasksEditor (200)
[2017.08.05-23.02.01:214][ 28]LogModuleManager: Shutting down and abandoning module BehaviorTreeEditor (198)
[2017.08.05-23.02.01:258][ 28]LogModuleManager: Shutting down and abandoning module FunctionalTesting (196)
[2017.08.05-23.02.01:258][ 28]LogModuleManager: Shutting down and abandoning module CollisionAnalyzer (194)
[2017.08.05-23.02.01:273][ 28]LogModuleManager: Shutting down and abandoning module UMG (192)
[2017.08.05-23.02.01:282][ 28]LogModuleManager: Shutting down and abandoning module UMGEditor (191)
[2017.08.05-23.02.01:308][ 28]LogModuleManager: Shutting down and abandoning module Sequencer (190)
[2017.08.05-23.02.01:347][ 28]LogModuleManager: Shutting down and abandoning module AssetTools (188)
[2017.08.05-23.02.01:397][ 28]LogModuleManager: Shutting down and abandoning module MessageLog (187)
[2017.08.05-23.02.01:412][ 28]LogModuleManager: Shutting down and abandoning module WorkspaceMenuStructure (186)
[2017.08.05-23.02.01:412][ 28]LogModuleManager: Shutting down and abandoning module SlateReflector (180)
[2017.08.05-23.02.01:450][ 28]LogModuleManager: Shutting down and abandoning module Slate (178)
[2017.08.05-23.02.01:450][ 28]LogModuleManager: Shutting down and abandoning module EditorStyle (176)
[2017.08.05-23.02.01:452][ 28]LogModuleManager: Shutting down and abandoning module SourceCodeAccess (174)
[2017.08.05-23.02.01:452][ 28]LogModuleManager: Shutting down and abandoning module HeadMountedDisplay (172)
[2017.08.05-23.02.01:452][ 28]LogModuleManager: Shutting down and abandoning module XAudio2 (170)
[2017.08.05-23.02.01:452][ 28]LogModuleManager: Shutting down and abandoning module Networking (168)
[2017.08.05-23.02.01:452][ 28]LogModuleManager: Shutting down and abandoning module Core (164)
[2017.08.05-23.02.01:452][ 28]LogModuleManager: Shutting down and abandoning module AssetRegistry (162)
[2017.08.05-23.02.01:584][ 28]LogDirectoryWatcher: A directory notification for '../../../Engine/Content/' was aborted.
[2017.08.05-23.02.01:584][ 28]LogDirectoryWatcher: A directory notification for '../../../../../../Users/Korisnik/Projects/Demo 4.16/Content/' was aborted.
[2017.08.05-23.02.01:584][ 28]LogDirectoryWatcher: A directory notification for '../../../Engine/Plugins/2D/Paper2D/Content/' was aborted.
[2017.08.05-23.02.01:584][ 28]LogDirectoryWatcher: A directory notification for '../../../Engine/Plugins/Runtime/GearVR/Content/' was aborted.
[2017.08.05-23.02.01:616][ 28]LogModuleManager: Shutting down and abandoning module DirectoryWatcher (161)
[2017.08.05-23.02.01:617][ 28]LogModuleManager: Shutting down and abandoning module KismetCompiler (158)
[2017.08.05-23.02.01:617][ 28]LogModuleManager: Shutting down and abandoning module LevelSequence (156)
[2017.08.05-23.02.01:617][ 28]LogModuleManager: Shutting down and abandoning module PhysXFormats (154)
[2017.08.05-23.02.01:617][ 28]LogModuleManager: Shutting down and abandoning module MeshUtilities (152)
[2017.08.05-23.02.01:653][ 28]LogModuleManager: Shutting down and abandoning module SimplygonSwarm (151)
[2017.08.05-23.02.01:666][ 28]LogModuleManager: Shutting down and abandoning module SimplygonMeshReduction (149)
[2017.08.05-23.02.01:667][ 28]LogModuleManager: Shutting down and abandoning module QuadricMeshReduction (147)
[2017.08.05-23.02.01:687][ 28]LogModuleManager: Shutting down and abandoning module DerivedDataCache (144)
[2017.08.05-23.02.01:731][ 28]LogDerivedDataCache: Shutdown
[2017.08.05-23.02.01:731][ 28]LogModuleManager: Shutting down and abandoning module TargetPlatform (142)
[2017.08.05-23.02.01:731][ 28]LogModuleManager: Shutting down and abandoning module VulkanShaderFormat (141)
[2017.08.05-23.02.01:764][ 28]LogModuleManager: Shutting down and abandoning module ShaderFormatVectorVM (139)
[2017.08.05-23.02.01:789][ 28]LogModuleManager: Shutting down and abandoning module ShaderFormatOpenGL (137)
[2017.08.05-23.02.01:804][ 28]LogModuleManager: Shutting down and abandoning module ShaderFormatD3D (135)
[2017.08.05-23.02.01:826][ 28]LogModuleManager: Shutting down and abandoning module MetalShaderFormat (133)
[2017.08.05-23.02.01:845][ 28]LogModuleManager: Shutting down and abandoning module TextureFormatUncompressed (131)
[2017.08.05-23.02.01:846][ 28]LogModuleManager: Shutting down and abandoning module TextureFormatPVR (129)
[2017.08.05-23.02.01:846][ 28]LogModuleManager: Shutting down and abandoning module TextureFormatDXT (127)
[2017.08.05-23.02.01:846][ 28]LogModuleManager: Shutting down and abandoning module TextureFormatIntelISPCTexComp (125)
[2017.08.05-23.02.01:846][ 28]LogModuleManager: Shutting down and abandoning module TextureFormatASTC (123)
[2017.08.05-23.02.01:846][ 28]LogModuleManager: Shutting down and abandoning module ImageWrapper (122)
[2017.08.05-23.02.01:846][ 28]LogModuleManager: Shutting down and abandoning module TextureFormatAndroid (119)
[2017.08.05-23.02.01:846][ 28]LogModuleManager: Shutting down and abandoning module AudioFormatOpus (117)
[2017.08.05-23.02.01:846][ 28]LogModuleManager: Shutting down and abandoning module AudioFormatOgg (115)
[2017.08.05-23.02.01:846][ 28]LogModuleManager: Shutting down and abandoning module AudioFormatADPCM (113)
[2017.08.05-23.02.01:846][ 28]LogModuleManager: Shutting down and abandoning module LinuxTargetPlatform (111)
[2017.08.05-23.02.01:846][ 28]LogModuleManager: Shutting down and abandoning module LinuxServerTargetPlatform (109)
[2017.08.05-23.02.01:846][ 28]LogModuleManager: Shutting down and abandoning module LinuxNoEditorTargetPlatform (107)
[2017.08.05-23.02.01:846][ 28]LogModuleManager: Shutting down and abandoning module LinuxClientTargetPlatform (105)
[2017.08.05-23.02.01:846][ 28]LogModuleManager: Shutting down and abandoning module TVOSTargetPlatform (103)
[2017.08.05-23.02.01:846][ 28]LogModuleManager: Shutting down and abandoning module Messaging (101)
[2017.08.05-23.02.01:846][ 28]LogModuleManager: Shutting down and abandoning module IOSTargetPlatform (99)
[2017.08.05-23.02.01:846][ 28]LogModuleManager: Shutting down and abandoning module HTML5TargetPlatform (97)
[2017.08.05-23.02.01:846][ 28]LogModuleManager: Shutting down and abandoning module Android_PVRTCTargetPlatform (95)
[2017.08.05-23.02.01:846][ 28]LogModuleManager: Shutting down and abandoning module Android_MultiTargetPlatform (93)
[2017.08.05-23.02.01:846][ 28]LogModuleManager: Shutting down and abandoning module Android_ETC2TargetPlatform (91)
[2017.08.05-23.02.01:846][ 28]LogModuleManager: Shutting down and abandoning module Android_ETC1TargetPlatform (89)
[2017.08.05-23.02.01:846][ 28]LogModuleManager: Shutting down and abandoning module Android_DXTTargetPlatform (87)
[2017.08.05-23.02.01:846][ 28]LogModuleManager: Shutting down and abandoning module Android_ATCTargetPlatform (85)
[2017.08.05-23.02.01:846][ 28]LogModuleManager: Shutting down and abandoning module Android_ASTCTargetPlatform (83)
[2017.08.05-23.02.01:846][ 28]LogModuleManager: Shutting down and abandoning module AndroidTargetPlatform (81)
[2017.08.05-23.02.01:846][ 28]LogModuleManager: Shutting down and abandoning module WindowsTargetPlatform (79)
[2017.08.05-23.02.01:846][ 28]LogModuleManager: Shutting down and abandoning module WindowsServerTargetPlatform (77)
[2017.08.05-23.02.01:846][ 28]LogModuleManager: Shutting down and abandoning module WindowsNoEditorTargetPlatform (75)
[2017.08.05-23.02.01:846][ 28]LogModuleManager: Shutting down and abandoning module WindowsClientTargetPlatform (73)
[2017.08.05-23.02.01:846][ 28]LogModuleManager: Shutting down and abandoning module MacTargetPlatform (71)
[2017.08.05-23.02.01:846][ 28]LogModuleManager: Shutting down and abandoning module MacServerTargetPlatform (69)
[2017.08.05-23.02.01:846][ 28]LogModuleManager: Shutting down and abandoning module MacNoEditorTargetPlatform (67)
[2017.08.05-23.02.01:846][ 28]LogModuleManager: Shutting down and abandoning module MacClientTargetPlatform (65)
[2017.08.05-23.02.01:846][ 28]LogModuleManager: Shutting down and abandoning module AllDesktopTargetPlatform (63)
[2017.08.05-23.02.01:846][ 28]LogModuleManager: Shutting down and abandoning module InputCore (60)
[2017.08.05-23.02.01:846][ 28]LogModuleManager: Shutting down and abandoning module Settings (58)
[2017.08.05-23.02.01:846][ 28]LogModuleManager: Shutting down and abandoning module OculusRift (56)
[2017.08.05-23.02.01:868][ 28]LogModuleManager: Shutting down and abandoning module GearVRController (54)
[2017.08.05-23.02.01:868][ 28]LogModuleManager: Shutting down and abandoning module GearVR (52)
[2017.08.05-23.02.01:896][ 28]LogModuleManager: Shutting down and abandoning module ExampleDeviceProfileSelector (50)
[2017.08.05-23.02.01:896][ 28]LogModuleManager: Shutting down and abandoning module OnlineBlueprintSupport (48)
[2017.08.05-23.02.01:896][ 28]LogModuleManager: Shutting down and abandoning module OnlineSubsystem (44)
[2017.08.05-23.02.01:896][ 28]LogOnline:Display: Unloading online subsystem: NULL
[2017.08.05-23.02.01:951][ 28]LogModuleManager: Shutting down and abandoning module XMPP (43)
[2017.08.05-23.02.01:966][ 28]LogModuleManager: Shutting down and abandoning module HTTP (41)
[2017.08.05-23.02.01:966][ 28]LogHttp:Display: Http module shutting down, but needs to wait on 1 outstanding Http requests:
[2017.08.05-23.02.01:966][ 28]LogHttp:Display: 	verb=[POST] url=[https://datarouter.ol.epicgames.com/datarouter/api/v1/public/data?SessionID=%7BEB0D4196-429E-C941-2F3E-4C8195DD2F42%7D&AppID=UEEditor.Rocket.Release&AppVersion=4.16.3-3561208%2B%2B%2BUE4%2BRelease-4.16&UserID=a5838a3d4ba9d29a076e44ae3533448b%7C2cb13ff50d394943b84a78042409c554%7C7e2b9178-fb0c-44e2-be8c-41121c138ddd&AppEnvironment=datacollector-binary&UploadType=eteventstream] status=Processing
[2017.08.05-23.02.01:999][ 28]LogModuleManager: Shutting down and abandoning module SSL (40)
[2017.08.05-23.02.02:005][ 28]LogModuleManager: Shutting down and abandoning module HTTPChunkInstaller (36)
[2017.08.05-23.02.02:036][ 28]LogModuleManager: Shutting down and abandoning module AnimationModifiers (34)
[2017.08.05-23.02.02:058][ 28]LogModuleManager: Shutting down and abandoning module PropertyEditor (33)
[2017.08.05-23.02.02:068][ 28]LogModuleManager: Shutting down and abandoning module AudioEditor (30)
[2017.08.05-23.02.02:069][ 28]LogModuleManager: Shutting down and abandoning module TextureCompressor (28)
[2017.08.05-23.02.02:069][ 28]LogModuleManager: Shutting down and abandoning module ShaderCore (26)
[2017.08.05-23.02.02:069][ 28]LogModuleManager: Shutting down and abandoning module Landscape (24)
[2017.08.05-23.02.02:069][ 28]LogModuleManager: Shutting down and abandoning module SlateRHIRenderer (22)
[2017.08.05-23.02.02:089][ 28]LogModuleManager: Shutting down and abandoning module OpenGLDrv (20)
[2017.08.05-23.02.02:114][ 28]LogModuleManager: Shutting down and abandoning module D3D11RHI (18)
[2017.08.05-23.02.02:114][ 28]LogModuleManager: Shutting down and abandoning module AnimGraphRuntime (16)
[2017.08.05-23.02.02:123][ 28]LogModuleManager: Shutting down and abandoning module Renderer (14)
[2017.08.05-23.02.02:123][ 28]LogModuleManager: Shutting down and abandoning module Engine (12)
[2017.08.05-23.02.02:123][ 28]LogModuleManager: Shutting down and abandoning module CoreUObject (10)
[2017.08.05-23.02.02:123][ 28]LogModuleManager: Shutting down and abandoning module NetworkFile (8)
[2017.08.05-23.02.02:138][ 28]LogModuleManager: Shutting down and abandoning module StreamingFile (6)
[2017.08.05-23.02.02:151][ 28]LogModuleManager: Shutting down and abandoning module SandboxFile (4)
[2017.08.05-23.02.02:151][ 28]LogModuleManager: Shutting down and abandoning module PakFile (2)
[2017.08.05-23.02.02:209][ 28]LogExit: Exiting.
[2017.08.05-23.02.02:225][ 28]Log file closed, 08/06/17 01:02:02
